Move: 1
Current Target: None
Attacked Positions: {(2, 4)}
Probability Map:
1.0 1.0 1.0 1.0 1.0 1.0 1.0 1.0 1.0 1.0
1.0 1.0 1.0 1.0 1.0 1.0 1.0 1.0 1.0 1.0
1.0 1.0 1.0 1.0 1.0 1.0 1.0 1.0 1.0 1.0
1.0 1.0 1.0 1.0 1.0 1.0 1.0 1.0 1.0 1.0
1.0 1.0  X   1.0 1.0 1.0 1.0 1.0 1.0 1.0
1.0 1.0 1.0 1.0 1.0 1.0 1.0 1.0 1.0 1.0
1.0 1.0 1.0 1.0 1.0 1.0 1.0 1.0 1.0 1.0
1.0 1.0 1.0 1.0 1.0 1.0 1.0 1.0 1.0 1.0
1.0 1.0 1.0 1.0 1.0 1.0 1.0 1.0 1.0 1.0
1.0 1.0 1.0 1.0 1.0 1.0 1.0 1.0 1.0 1.0

Move: 3
Current Target: None
Attacked Positions: {(2, 4), (0, 0)}
Probability Map:
 X   1.0 1.0 1.0 1.0 1.0 1.0 1.0 1.0 1.0
1.0 1.0 1.0 1.0 1.0 1.0 1.0 1.0 1.0 1.0
1.0 1.0 1.0 1.0 1.0 1.0 1.0 1.0 1.0 1.0
1.0 1.0 1.0 1.0 1.0 1.0 1.0 1.0 1.0 1.0
1.0 1.0  X   1.0 1.0 1.0 1.0 1.0 1.0 1.0
1.0 1.0 1.0 1.0 1.0 1.0 1.0 1.0 1.0 1.0
1.0 1.0 1.0 1.0 1.0 1.0 1.0 1.0 1.0 1.0
1.0 1.0 1.0 1.0 1.0 1.0 1.0 1.0 1.0 1.0
1.0 1.0 1.0 1.0 1.0 1.0 1.0 1.0 1.0 1.0
1.0 1.0 1.0 1.0 1.0 1.0 1.0 1.0 1.0 1.0

Move: 5
Current Target: (1, 3)
Attacked Positions: {(2, 4), (1, 3), (0, 0)}
Probability Map:
 X   1.0 1.0 1.0 1.0 1.0 1.0 1.0 1.0 1.0
1.0 1.0 1.0 1.0 1.0 1.0 1.0 1.0 1.0 1.0
1.0 11.0 1.0 1.0 1.0 1.0 1.0 1.0 1.0 1.0
11.0  X   11.0 1.0 1.0 1.0 1.0 1.0 1.0 1.0
1.0 11.0  X   1.0 1.0 1.0 1.0 1.0 1.0 1.0
1.0 1.0 1.0 1.0 1.0 1.0 1.0 1.0 1.0 1.0
1.0 1.0 1.0 1.0 1.0 1.0 1.0 1.0 1.0 1.0
1.0 1.0 1.0 1.0 1.0 1.0 1.0 1.0 1.0 1.0
1.0 1.0 1.0 1.0 1.0 1.0 1.0 1.0 1.0 1.0
1.0 1.0 1.0 1.0 1.0 1.0 1.0 1.0 1.0 1.0

Move: 7
Current Target: (1, 3)
Attacked Positions: {(2, 4), (0, 3), (1, 3), (0, 0)}
Probability Map:
 X   1.0 1.0 1.0 1.0 1.0 1.0 1.0 1.0 1.0
1.0 1.0 1.0 1.0 1.0 1.0 1.0 1.0 1.0 1.0
1.0 11.0 1.0 1.0 1.0 1.0 1.0 1.0 1.0 1.0
 X    X   11.0 1.0 1.0 1.0 1.0 1.0 1.0 1.0
1.0 11.0  X   1.0 1.0 1.0 1.0 1.0 1.0 1.0
1.0 1.0 1.0 1.0 1.0 1.0 1.0 1.0 1.0 1.0
1.0 1.0 1.0 1.0 1.0 1.0 1.0 1.0 1.0 1.0
1.0 1.0 1.0 1.0 1.0 1.0 1.0 1.0 1.0 1.0
1.0 1.0 1.0 1.0 1.0 1.0 1.0 1.0 1.0 1.0
1.0 1.0 1.0 1.0 1.0 1.0 1.0 1.0 1.0 1.0

Move: 9
Current Target: (1, 3)
Attacked Positions: {(2, 4), (1, 2), (0, 0), (0, 3), (1, 3)}
Probability Map:
 X   1.0 1.0 1.0 1.0 1.0 1.0 1.0 1.0 1.0
1.0 1.0 1.0 1.0 1.0 1.0 1.0 1.0 1.0 1.0
1.0  X   1.0 1.0 1.0 1.0 1.0 1.0 1.0 1.0
 X    X   11.0 1.0 1.0 1.0 1.0 1.0 1.0 1.0
1.0 11.0  X   1.0 1.0 1.0 1.0 1.0 1.0 1.0
1.0 1.0 1.0 1.0 1.0 1.0 1.0 1.0 1.0 1.0
1.0 1.0 1.0 1.0 1.0 1.0 1.0 1.0 1.0 1.0
1.0 1.0 1.0 1.0 1.0 1.0 1.0 1.0 1.0 1.0
1.0 1.0 1.0 1.0 1.0 1.0 1.0 1.0 1.0 1.0
1.0 1.0 1.0 1.0 1.0 1.0 1.0 1.0 1.0 1.0

Move: 11
Current Target: (1, 3)
Attacked Positions: {(2, 4), (1, 2), (0, 0), (0, 3), (1, 4), (1, 3)}
Probability Map:
 X   1.0 1.0 1.0 1.0 1.0 1.0 1.0 1.0 1.0
1.0 1.0 1.0 1.0 1.0 1.0 1.0 1.0 1.0 1.0
1.0  X   1.0 1.0 1.0 1.0 1.0 1.0 1.0 1.0
 X    X   11.0 1.0 1.0 1.0 1.0 1.0 1.0 1.0
11.0  X    X   1.0 1.0 1.0 1.0 1.0 1.0 1.0
1.0 21.0 1.0 1.0 1.0 1.0 1.0 1.0 1.0 1.0
1.0 1.0 1.0 1.0 1.0 1.0 1.0 1.0 1.0 1.0
1.0 1.0 1.0 1.0 1.0 1.0 1.0 1.0 1.0 1.0
1.0 1.0 1.0 1.0 1.0 1.0 1.0 1.0 1.0 1.0
1.0 1.0 1.0 1.0 1.0 1.0 1.0 1.0 1.0 1.0

Move: 13
Current Target: (1, 3)
Attacked Positions: {(2, 4), (1, 2), (0, 0), (1, 5), (0, 3), (1, 4), (1, 3)}
Probability Map:
 X   1.0 1.0 1.0 1.0 1.0 1.0 1.0 1.0 1.0
1.0 1.0 1.0 1.0 1.0 1.0 1.0 1.0 1.0 1.0
1.0  X   1.0 1.0 1.0 1.0 1.0 1.0 1.0 1.0
 X    X   11.0 1.0 1.0 1.0 1.0 1.0 1.0 1.0
11.0  X    X   1.0 1.0 1.0 1.0 1.0 1.0 1.0
11.0  X   11.0 1.0 1.0 1.0 1.0 1.0 1.0 1.0
1.0 21.0 1.0 1.0 1.0 1.0 1.0 1.0 1.0 1.0
1.0 1.0 1.0 1.0 1.0 1.0 1.0 1.0 1.0 1.0
1.0 1.0 1.0 1.0 1.0 1.0 1.0 1.0 1.0 1.0
1.0 1.0 1.0 1.0 1.0 1.0 1.0 1.0 1.0 1.0

Move: 15
Current Target: (1, 3)
Attacked Positions: {(2, 4), (1, 2), (0, 0), (1, 5), (0, 3), (1, 4), (1, 6), (1, 3)}
Probability Map:
 X   1.0 1.0 1.0 1.0 1.0 1.0 1.0 1.0 1.0
1.0 1.0 1.0 1.0 1.0 1.0 1.0 1.0 1.0 1.0
1.0  X   1.0 1.0 1.0 1.0 1.0 1.0 1.0 1.0
 X    X   11.0 1.0 1.0 1.0 1.0 1.0 1.0 1.0
11.0  X    X   1.0 1.0 1.0 1.0 1.0 1.0 1.0
11.0  X   11.0 1.0 1.0 1.0 1.0 1.0 1.0 1.0
1.0  X   1.0 1.0 1.0 1.0 1.0 1.0 1.0 1.0
1.0 1.0 1.0 1.0 1.0 1.0 1.0 1.0 1.0 1.0
1.0 1.0 1.0 1.0 1.0 1.0 1.0 1.0 1.0 1.0
1.0 1.0 1.0 1.0 1.0 1.0 1.0 1.0 1.0 1.0

Move: 17
Current Target: (1, 3)
Attacked Positions: {(2, 4), (1, 2), (0, 4), (0, 0), (1, 5), (0, 3), (1, 4), (1, 6), (1, 3)}
Probability Map:
 X   1.0 1.0 1.0 1.0 1.0 1.0 1.0 1.0 1.0
1.0 1.0 1.0 1.0 1.0 1.0 1.0 1.0 1.0 1.0
1.0  X   1.0 1.0 1.0 1.0 1.0 1.0 1.0 1.0
 X    X   11.0 1.0 1.0 1.0 1.0 1.0 1.0 1.0
 X    X    X   1.0 1.0 1.0 1.0 1.0 1.0 1.0
11.0  X   11.0 1.0 1.0 1.0 1.0 1.0 1.0 1.0
1.0  X   1.0 1.0 1.0 1.0 1.0 1.0 1.0 1.0
1.0 1.0 1.0 1.0 1.0 1.0 1.0 1.0 1.0 1.0
1.0 1.0 1.0 1.0 1.0 1.0 1.0 1.0 1.0 1.0
1.0 1.0 1.0 1.0 1.0 1.0 1.0 1.0 1.0 1.0

Move: 19
Current Target: (1, 3)
Attacked Positions: {(2, 4), (1, 2), (0, 4), (0, 0), (1, 5), (0, 3), (1, 4), (0, 5), (1, 6), (1, 3)}
Probability Map:
 X   1.0 1.0 1.0 1.0 1.0 1.0 1.0 1.0 1.0
1.0 1.0 1.0 1.0 1.0 1.0 1.0 1.0 1.0 1.0
1.0  X   1.0 1.0 1.0 1.0 1.0 1.0 1.0 1.0
 X    X   11.0 1.0 1.0 1.0 1.0 1.0 1.0 1.0
 X    X    X   1.0 1.0 1.0 1.0 1.0 1.0 1.0
 X    X   11.0 1.0 1.0 1.0 1.0 1.0 1.0 1.0
1.0  X   1.0 1.0 1.0 1.0 1.0 1.0 1.0 1.0
1.0 1.0 1.0 1.0 1.0 1.0 1.0 1.0 1.0 1.0
1.0 1.0 1.0 1.0 1.0 1.0 1.0 1.0 1.0 1.0
1.0 1.0 1.0 1.0 1.0 1.0 1.0 1.0 1.0 1.0

Move: 21
Current Target: None
Attacked Positions: {(2, 4), (1, 2), (0, 4), (0, 0), (1, 5), (0, 3), (1, 4), (2, 3), (0, 5), (1, 6), (1, 3)}
Probability Map:
 X   1.0 1.0 1.0 1.0 1.0 1.0 1.0 1.0 1.0
1.0 1.0 1.0 1.0 1.0 1.0 1.0 1.0 1.0 1.0
1.0  X   0.0 1.0 1.0 1.0 1.0 1.0 1.0 1.0
 X    X    X   0.0 1.0 1.0 1.0 1.0 1.0 1.0
 X    X    X   1.0 1.0 1.0 1.0 1.0 1.0 1.0
 X    X   0.0 1.0 1.0 1.0 1.0 1.0 1.0 1.0
1.0  X   1.0 1.0 1.0 1.0 1.0 1.0 1.0 1.0
1.0 1.0 1.0 1.0 1.0 1.0 1.0 1.0 1.0 1.0
1.0 1.0 1.0 1.0 1.0 1.0 1.0 1.0 1.0 1.0
1.0 1.0 1.0 1.0 1.0 1.0 1.0 1.0 1.0 1.0

Move: 23
Current Target: None
Attacked Positions: {(2, 4), (1, 2), (0, 4), (8, 4), (0, 0), (1, 5), (0, 3), (1, 4), (2, 3), (0, 5), (1, 6), (1, 3)}
Probability Map:
 X   1.0 1.0 1.0 1.0 1.0 1.0 1.0 1.0 1.0
1.0 1.0 1.0 1.0 1.0 1.0 1.0 1.0 1.0 1.0
1.0  X   0.0 1.0 1.0 1.0 1.0 1.0 1.0 1.0
 X    X    X   0.0 1.0 1.0 1.0 1.0 1.0 1.0
 X    X    X   1.0 1.0 1.0 1.0 1.0  X   1.0
 X    X   0.0 1.0 1.0 1.0 1.0 1.0 1.0 1.0
1.0  X   1.0 1.0 1.0 1.0 1.0 1.0 1.0 1.0
1.0 1.0 1.0 1.0 1.0 1.0 1.0 1.0 1.0 1.0
1.0 1.0 1.0 1.0 1.0 1.0 1.0 1.0 1.0 1.0
1.0 1.0 1.0 1.0 1.0 1.0 1.0 1.0 1.0 1.0

Move: 25
Current Target: None
Attacked Positions: {(2, 4), (1, 2), (0, 4), (8, 4), (0, 0), (1, 5), (0, 3), (1, 4), (2, 3), (0, 5), (8, 6), (1, 6), (1, 3)}
Probability Map:
 X   1.0 1.0 1.0 1.0 1.0 1.0 1.0 1.0 1.0
1.0 1.0 1.0 1.0 1.0 1.0 1.0 1.0 1.0 1.0
1.0  X   0.0 1.0 1.0 1.0 1.0 1.0 1.0 1.0
 X    X    X   0.0 1.0 1.0 1.0 1.0 1.0 1.0
 X    X    X   1.0 1.0 1.0 1.0 1.0  X   1.0
 X    X   0.0 1.0 1.0 1.0 1.0 1.0 1.0 1.0
1.0  X   1.0 1.0 1.0 1.0 1.0 1.0  X   1.0
1.0 1.0 1.0 1.0 1.0 1.0 1.0 1.0 1.0 1.0
1.0 1.0 1.0 1.0 1.0 1.0 1.0 1.0 1.0 1.0
1.0 1.0 1.0 1.0 1.0 1.0 1.0 1.0 1.0 1.0

Move: 27
Current Target: None
Attacked Positions: {(2, 4), (1, 2), (0, 4), (8, 4), (0, 0), (1, 5), (0, 3), (1, 4), (2, 3), (0, 5), (8, 6), (1, 6), (9, 1), (1, 3)}
Probability Map:
 X   1.0 1.0 1.0 1.0 1.0 1.0 1.0 1.0 1.0
1.0 1.0 1.0 1.0 1.0 1.0 1.0 1.0 1.0  X  
1.0  X   0.0 1.0 1.0 1.0 1.0 1.0 1.0 1.0
 X    X    X   0.0 1.0 1.0 1.0 1.0 1.0 1.0
 X    X    X   1.0 1.0 1.0 1.0 1.0  X   1.0
 X    X   0.0 1.0 1.0 1.0 1.0 1.0 1.0 1.0
1.0  X   1.0 1.0 1.0 1.0 1.0 1.0  X   1.0
1.0 1.0 1.0 1.0 1.0 1.0 1.0 1.0 1.0 1.0
1.0 1.0 1.0 1.0 1.0 1.0 1.0 1.0 1.0 1.0
1.0 1.0 1.0 1.0 1.0 1.0 1.0 1.0 1.0 1.0

Move: 29
Current Target: None
Attacked Positions: {(2, 4), (1, 2), (0, 4), (8, 4), (9, 3), (0, 0), (1, 5), (0, 3), (1, 4), (2, 3), (0, 5), (8, 6), (1, 6), (9, 1), (1, 3)}
Probability Map:
 X   1.0 1.0 1.0 1.0 1.0 1.0 1.0 1.0 1.0
1.0 1.0 1.0 1.0 1.0 1.0 1.0 1.0 1.0  X  
1.0  X   0.0 1.0 1.0 1.0 1.0 1.0 1.0 1.0
 X    X    X   0.0 1.0 1.0 1.0 1.0 1.0  X  
 X    X    X   1.0 1.0 1.0 1.0 1.0  X   1.0
 X    X   0.0 1.0 1.0 1.0 1.0 1.0 1.0 1.0
1.0  X   1.0 1.0 1.0 1.0 1.0 1.0  X   1.0
1.0 1.0 1.0 1.0 1.0 1.0 1.0 1.0 1.0 1.0
1.0 1.0 1.0 1.0 1.0 1.0 1.0 1.0 1.0 1.0
1.0 1.0 1.0 1.0 1.0 1.0 1.0 1.0 1.0 1.0

Move: 31
Current Target: (2, 8)
Attacked Positions: {(2, 4), (1, 2), (0, 4), (8, 4), (9, 3), (0, 0), (1, 5), (0, 3), (1, 4), (2, 3), (0, 5), (8, 6), (1, 6), (9, 1), (1, 3), (2, 8)}
Probability Map:
 X   1.0 1.0 1.0 1.0 1.0 1.0 1.0 1.0 1.0
1.0 1.0 1.0 1.0 1.0 1.0 1.0 1.0 1.0  X  
1.0  X   0.0 1.0 1.0 1.0 1.0 1.0 1.0 1.0
 X    X    X   0.0 1.0 1.0 1.0 1.0 1.0  X  
 X    X    X   1.0 1.0 1.0 1.0 1.0  X   1.0
 X    X   0.0 1.0 1.0 1.0 1.0 1.0 1.0 1.0
1.0  X   1.0 1.0 1.0 1.0 1.0 1.0  X   1.0
1.0 1.0 11.0 1.0 1.0 1.0 1.0 1.0 1.0 1.0
1.0 11.0  X   11.0 1.0 1.0 1.0 1.0 1.0 1.0
1.0 1.0 11.0 1.0 1.0 1.0 1.0 1.0 1.0 1.0

Move: 33
Current Target: (2, 8)
Attacked Positions: {(2, 4), (1, 2), (0, 4), (8, 4), (9, 3), (0, 0), (1, 5), (2, 7), (0, 3), (1, 4), (2, 3), (0, 5), (8, 6), (1, 6), (9, 1), (1, 3), (2, 8)}
Probability Map:
 X   1.0 1.0 1.0 1.0 1.0 1.0 1.0 1.0 1.0
1.0 1.0 1.0 1.0 1.0 1.0 1.0 1.0 1.0  X  
1.0  X   0.0 1.0 1.0 1.0 1.0 1.0 1.0 1.0
 X    X    X   0.0 1.0 1.0 1.0 1.0 1.0  X  
 X    X    X   1.0 1.0 1.0 1.0 1.0  X   1.0
 X    X   0.0 1.0 1.0 1.0 1.0 1.0 1.0 1.0
1.0  X   1.0 1.0 1.0 1.0 1.0 1.0  X   1.0
1.0 1.0  X   1.0 1.0 1.0 1.0 1.0 1.0 1.0
1.0 11.0  X   11.0 1.0 1.0 1.0 1.0 1.0 1.0
1.0 1.0 11.0 1.0 1.0 1.0 1.0 1.0 1.0 1.0

Move: 35
Current Target: (2, 8)
Attacked Positions: {(2, 4), (1, 2), (0, 4), (8, 4), (9, 3), (0, 0), (1, 5), (2, 7), (0, 3), (1, 4), (2, 3), (2, 9), (0, 5), (8, 6), (1, 6), (9, 1), (1, 3), (2, 8)}
Probability Map:
 X   1.0 1.0 1.0 1.0 1.0 1.0 1.0 1.0 1.0
1.0 1.0 1.0 1.0 1.0 1.0 1.0 1.0 1.0  X  
1.0  X   0.0 1.0 1.0 1.0 1.0 1.0 1.0 1.0
 X    X    X   0.0 1.0 1.0 1.0 1.0 1.0  X  
 X    X    X   1.0 1.0 1.0 1.0 1.0  X   1.0
 X    X   0.0 1.0 1.0 1.0 1.0 1.0 1.0 1.0
1.0  X   1.0 1.0 1.0 1.0 1.0 1.0  X   1.0
1.0 1.0  X   1.0 1.0 1.0 1.0 1.0 1.0 1.0
1.0 11.0  X   11.0 1.0 1.0 1.0 1.0 1.0 1.0
1.0 1.0  X   1.0 1.0 1.0 1.0 1.0 1.0 1.0

Move: 37
Current Target: (2, 8)
Attacked Positions: {(0, 5), (8, 6), (1, 6), (1, 3), (2, 8), (9, 1), (2, 4), (1, 2), (0, 4), (2, 7), (1, 5), (1, 8), (8, 4), (9, 3), (0, 0), (0, 3), (1, 4), (2, 3), (2, 9)}
Probability Map:
 X   1.0 1.0 1.0 1.0 1.0 1.0 1.0 1.0 1.0
1.0 1.0 1.0 1.0 1.0 1.0 1.0 1.0 1.0  X  
1.0  X   0.0 1.0 1.0 1.0 1.0 1.0 1.0 1.0
 X    X    X   0.0 1.0 1.0 1.0 1.0 1.0  X  
 X    X    X   1.0 1.0 1.0 1.0 1.0  X   1.0
 X    X   0.0 1.0 1.0 1.0 1.0 1.0 1.0 1.0
1.0  X   1.0 1.0 1.0 1.0 1.0 1.0  X   1.0
1.0 11.0  X   1.0 1.0 1.0 1.0 1.0 1.0 1.0
21.0  X    X   21.0 1.0 1.0 1.0 1.0 1.0 1.0
1.0 11.0  X   1.0 1.0 1.0 1.0 1.0 1.0 1.0

Move: 39
Current Target: (2, 8)
Attacked Positions: {(0, 5), (8, 6), (1, 6), (0, 8), (1, 3), (2, 8), (9, 1), (2, 4), (1, 2), (0, 4), (2, 7), (1, 5), (1, 8), (8, 4), (9, 3), (0, 0), (0, 3), (1, 4), (2, 3), (2, 9)}
Probability Map:
 X   1.0 1.0 1.0 1.0 1.0 1.0 1.0 1.0 1.0
1.0 1.0 1.0 1.0 1.0 1.0 1.0 1.0 1.0  X  
1.0  X   0.0 1.0 1.0 1.0 1.0 1.0 1.0 1.0
 X    X    X   0.0 1.0 1.0 1.0 1.0 1.0  X  
 X    X    X   1.0 1.0 1.0 1.0 1.0  X   1.0
 X    X   0.0 1.0 1.0 1.0 1.0 1.0 1.0 1.0
1.0  X   1.0 1.0 1.0 1.0 1.0 1.0  X   1.0
1.0 11.0  X   1.0 1.0 1.0 1.0 1.0 1.0 1.0
 X    X    X   21.0 1.0 1.0 1.0 1.0 1.0 1.0
1.0 11.0  X   1.0 1.0 1.0 1.0 1.0 1.0 1.0

Move: 41
Current Target: (2, 8)
Attacked Positions: {(0, 5), (8, 6), (1, 6), (0, 8), (1, 3), (2, 8), (9, 1), (2, 4), (1, 2), (0, 4), (2, 7), (1, 5), (1, 8), (3, 8), (8, 4), (9, 3), (0, 0), (0, 3), (1, 4), (2, 3), (2, 9)}
Probability Map:
 X   1.0 1.0 1.0 1.0 1.0 1.0 1.0 1.0 1.0
1.0 1.0 1.0 1.0 1.0 1.0 1.0 1.0 1.0  X  
1.0  X   0.0 1.0 1.0 1.0 1.0 1.0 1.0 1.0
 X    X    X   0.0 1.0 1.0 1.0 1.0 1.0  X  
 X    X    X   1.0 1.0 1.0 1.0 1.0  X   1.0
 X    X   0.0 1.0 1.0 1.0 1.0 1.0 1.0 1.0
1.0  X   1.0 1.0 1.0 1.0 1.0 1.0  X   1.0
1.0 11.0  X   1.0 1.0 1.0 1.0 1.0 1.0 1.0
 X    X    X    X   1.0 1.0 1.0 1.0 1.0 1.0
1.0 11.0  X   1.0 1.0 1.0 1.0 1.0 1.0 1.0

Move: 43
Current Target: (2, 8)
Attacked Positions: {(0, 5), (8, 6), (1, 6), (0, 8), (1, 3), (1, 9), (2, 8), (9, 1), (2, 4), (1, 2), (0, 4), (2, 7), (1, 5), (1, 8), (3, 8), (8, 4), (9, 3), (0, 0), (0, 3), (1, 4), (2, 3), (2, 9)}
Probability Map:
 X   1.0 1.0 1.0 1.0 1.0 1.0 1.0 1.0 1.0
1.0 1.0 1.0 1.0 1.0 1.0 1.0 1.0 1.0  X  
1.0  X   0.0 1.0 1.0 1.0 1.0 1.0 1.0 1.0
 X    X    X   0.0 1.0 1.0 1.0 1.0 1.0  X  
 X    X    X   1.0 1.0 1.0 1.0 1.0  X   1.0
 X    X   0.0 1.0 1.0 1.0 1.0 1.0 1.0 1.0
1.0  X   1.0 1.0 1.0 1.0 1.0 1.0  X   1.0
1.0 11.0  X   1.0 1.0 1.0 1.0 1.0 1.0 1.0
 X    X    X    X   1.0 1.0 1.0 1.0 1.0 1.0
41.0  X    X   1.0 1.0 1.0 1.0 1.0 1.0 1.0

Move: 45
Current Target: None
Attacked Positions: {(0, 5), (8, 6), (1, 6), (0, 8), (1, 3), (1, 9), (2, 8), (9, 1), (2, 4), (1, 2), (0, 4), (2, 7), (1, 5), (1, 8), (3, 8), (8, 4), (9, 3), (0, 0), (0, 3), (0, 9), (1, 4), (2, 3), (2, 9)}
Probability Map:
 X   1.0 1.0 1.0 1.0 1.0 1.0 1.0 1.0 1.0
1.0 1.0 1.0 1.0 1.0 1.0 1.0 1.0 1.0  X  
1.0  X   0.0 1.0 1.0 1.0 1.0 1.0 1.0 1.0
 X    X    X   0.0 1.0 1.0 1.0 1.0 1.0  X  
 X    X    X   1.0 1.0 1.0 1.0 1.0  X   1.0
 X    X   0.0 1.0 1.0 1.0 1.0 1.0 1.0 1.0
1.0  X   1.0 1.0 1.0 1.0 1.0 1.0  X   1.0
1.0 0.0  X   1.0 1.0 1.0 1.0 1.0 1.0 1.0
 X    X    X    X   1.0 1.0 1.0 1.0 1.0 1.0
 X    X    X   1.0 1.0 1.0 1.0 1.0 1.0 1.0

Move: 47
Current Target: (7, 1)
Attacked Positions: {(0, 5), (8, 6), (1, 6), (0, 8), (1, 3), (1, 9), (2, 8), (7, 1), (9, 1), (2, 4), (1, 2), (0, 4), (2, 7), (1, 5), (1, 8), (3, 8), (8, 4), (9, 3), (0, 0), (0, 3), (0, 9), (1, 4), (2, 3), (2, 9)}
Probability Map:
 X   1.0 1.0 1.0 1.0 1.0 1.0 11.0 1.0 1.0
1.0 1.0 1.0 1.0 1.0 1.0 11.0  X   11.0  X  
1.0  X   0.0 1.0 1.0 1.0 1.0 11.0 1.0 1.0
 X    X    X   0.0 1.0 1.0 1.0 1.0 1.0  X  
 X    X    X   1.0 1.0 1.0 1.0 1.0  X   1.0
 X    X   0.0 1.0 1.0 1.0 1.0 1.0 1.0 1.0
1.0  X   1.0 1.0 1.0 1.0 1.0 1.0  X   1.0
1.0 0.0  X   1.0 1.0 1.0 1.0 1.0 1.0 1.0
 X    X    X    X   1.0 1.0 1.0 1.0 1.0 1.0
 X    X    X   1.0 1.0 1.0 1.0 1.0 1.0 1.0

Move: 49
Current Target: (7, 1)
Attacked Positions: {(0, 5), (8, 6), (1, 6), (0, 8), (1, 3), (1, 9), (2, 8), (7, 1), (9, 1), (2, 4), (1, 2), (0, 4), (2, 7), (1, 5), (1, 8), (7, 0), (3, 8), (8, 4), (9, 3), (0, 0), (0, 3), (0, 9), (1, 4), (2, 3), (2, 9)}
Probability Map:
 X   1.0 1.0 1.0 1.0 1.0 1.0  X   1.0 1.0
1.0 1.0 1.0 1.0 1.0 1.0 11.0  X   11.0  X  
1.0  X   0.0 1.0 1.0 1.0 1.0 11.0 1.0 1.0
 X    X    X   0.0 1.0 1.0 1.0 1.0 1.0  X  
 X    X    X   1.0 1.0 1.0 1.0 1.0  X   1.0
 X    X   0.0 1.0 1.0 1.0 1.0 1.0 1.0 1.0
1.0  X   1.0 1.0 1.0 1.0 1.0 1.0  X   1.0
1.0 0.0  X   1.0 1.0 1.0 1.0 1.0 1.0 1.0
 X    X    X    X   1.0 1.0 1.0 1.0 1.0 1.0
 X    X    X   1.0 1.0 1.0 1.0 1.0 1.0 1.0

Move: 51
Current Target: (7, 1)
Attacked Positions: {(0, 5), (8, 6), (1, 6), (0, 8), (1, 3), (1, 9), (2, 8), (7, 1), (9, 1), (2, 4), (1, 2), (0, 4), (2, 7), (1, 5), (1, 8), (7, 0), (3, 8), (8, 4), (9, 3), (0, 0), (8, 1), (0, 3), (0, 9), (1, 4), (2, 3), (2, 9)}
Probability Map:
 X   1.0 1.0 1.0 1.0 1.0 1.0  X   1.0 1.0
1.0 1.0 1.0 1.0 1.0 1.0 11.0  X    X    X  
1.0  X   0.0 1.0 1.0 1.0 1.0 11.0 1.0 1.0
 X    X    X   0.0 1.0 1.0 1.0 1.0 1.0  X  
 X    X    X   1.0 1.0 1.0 1.0 1.0  X   1.0
 X    X   0.0 1.0 1.0 1.0 1.0 1.0 1.0 1.0
1.0  X   1.0 1.0 1.0 1.0 1.0 1.0  X   1.0
1.0 0.0  X   1.0 1.0 1.0 1.0 1.0 1.0 1.0
 X    X    X    X   1.0 1.0 1.0 1.0 1.0 1.0
 X    X    X   1.0 1.0 1.0 1.0 1.0 1.0 1.0

Move: 53
Current Target: (7, 1)
Attacked Positions: {(0, 5), (8, 6), (1, 6), (0, 8), (1, 3), (1, 9), (2, 8), (7, 1), (9, 1), (2, 4), (1, 2), (0, 4), (2, 7), (1, 5), (6, 1), (1, 8), (7, 0), (3, 8), (8, 4), (9, 3), (0, 0), (8, 1), (0, 3), (0, 9), (1, 4), (2, 3), (2, 9)}
Probability Map:
 X   1.0 1.0 1.0 1.0 1.0 11.0  X   1.0 1.0
1.0 1.0 1.0 1.0 1.0 21.0  X    X    X    X  
1.0  X   0.0 1.0 1.0 1.0 11.0 11.0 1.0 1.0
 X    X    X   0.0 1.0 1.0 1.0 1.0 1.0  X  
 X    X    X   1.0 1.0 1.0 1.0 1.0  X   1.0
 X    X   0.0 1.0 1.0 1.0 1.0 1.0 1.0 1.0
1.0  X   1.0 1.0 1.0 1.0 1.0 1.0  X   1.0
1.0 0.0  X   1.0 1.0 1.0 1.0 1.0 1.0 1.0
 X    X    X    X   1.0 1.0 1.0 1.0 1.0 1.0
 X    X    X   1.0 1.0 1.0 1.0 1.0 1.0 1.0

Move: 55
Current Target: (7, 1)
Attacked Positions: {(5, 1), (0, 5), (8, 6), (1, 6), (0, 8), (1, 3), (1, 9), (2, 8), (7, 1), (9, 1), (2, 4), (1, 2), (0, 4), (2, 7), (1, 5), (6, 1), (1, 8), (7, 0), (3, 8), (8, 4), (9, 3), (0, 0), (8, 1), (0, 3), (0, 9), (1, 4), (2, 3), (2, 9)}
Probability Map:
 X   1.0 1.0 1.0 1.0 1.0 11.0  X   1.0 1.0
1.0 1.0 1.0 1.0 1.0  X    X    X    X    X  
1.0  X   0.0 1.0 1.0 1.0 11.0 11.0 1.0 1.0
 X    X    X   0.0 1.0 1.0 1.0 1.0 1.0  X  
 X    X    X   1.0 1.0 1.0 1.0 1.0  X   1.0
 X    X   0.0 1.0 1.0 1.0 1.0 1.0 1.0 1.0
1.0  X   1.0 1.0 1.0 1.0 1.0 1.0  X   1.0
1.0 0.0  X   1.0 1.0 1.0 1.0 1.0 1.0 1.0
 X    X    X    X   1.0 1.0 1.0 1.0 1.0 1.0
 X    X    X   1.0 1.0 1.0 1.0 1.0 1.0 1.0

Move: 57
Current Target: (7, 1)
Attacked Positions: {(5, 1), (0, 5), (8, 6), (1, 6), (0, 8), (1, 3), (1, 9), (2, 8), (7, 1), (9, 1), (2, 4), (1, 2), (0, 4), (2, 7), (1, 5), (6, 1), (1, 8), (7, 0), (3, 8), (8, 4), (9, 3), (0, 0), (8, 1), (0, 3), (0, 9), (1, 4), (2, 3), (2, 9), (6, 0)}
Probability Map:
 X   1.0 1.0 1.0 1.0 1.0  X    X   1.0 1.0
1.0 1.0 1.0 1.0 1.0  X    X    X    X    X  
1.0  X   0.0 1.0 1.0 1.0 11.0 11.0 1.0 1.0
 X    X    X   0.0 1.0 1.0 1.0 1.0 1.0  X  
 X    X    X   1.0 1.0 1.0 1.0 1.0  X   1.0
 X    X   0.0 1.0 1.0 1.0 1.0 1.0 1.0 1.0
1.0  X   1.0 1.0 1.0 1.0 1.0 1.0  X   1.0
1.0 0.0  X   1.0 1.0 1.0 1.0 1.0 1.0 1.0
 X    X    X    X   1.0 1.0 1.0 1.0 1.0 1.0
 X    X    X   1.0 1.0 1.0 1.0 1.0 1.0 1.0

Move: 59
Current Target: (7, 1)
Attacked Positions: {(5, 1), (0, 5), (8, 6), (1, 6), (0, 8), (1, 3), (1, 9), (2, 8), (6, 2), (7, 1), (9, 1), (2, 4), (1, 2), (0, 4), (2, 7), (1, 5), (6, 1), (1, 8), (7, 0), (3, 8), (8, 4), (9, 3), (0, 0), (8, 1), (0, 3), (0, 9), (1, 4), (2, 3), (2, 9), (6, 0)}
Probability Map:
 X   1.0 1.0 1.0 1.0 1.0  X    X   1.0 1.0
1.0 1.0 1.0 1.0 1.0  X    X    X    X    X  
1.0  X   0.0 1.0 1.0 1.0  X   11.0 1.0 1.0
 X    X    X   0.0 1.0 1.0 1.0 1.0 1.0  X  
 X    X    X   1.0 1.0 1.0 1.0 1.0  X   1.0
 X    X   0.0 1.0 1.0 1.0 1.0 1.0 1.0 1.0
1.0  X   1.0 1.0 1.0 1.0 1.0 1.0  X   1.0
1.0 0.0  X   1.0 1.0 1.0 1.0 1.0 1.0 1.0
 X    X    X    X   1.0 1.0 1.0 1.0 1.0 1.0
 X    X    X   1.0 1.0 1.0 1.0 1.0 1.0 1.0

Move: 61
Current Target: (7, 1)
Attacked Positions: {(5, 1), (0, 5), (8, 6), (1, 6), (0, 8), (1, 3), (1, 9), (2, 8), (6, 2), (7, 1), (9, 1), (2, 4), (1, 2), (0, 4), (2, 7), (1, 5), (6, 1), (1, 8), (7, 0), (3, 8), (8, 4), (9, 3), (0, 0), (8, 1), (0, 3), (0, 9), (1, 4), (2, 3), (2, 9), (7, 2), (6, 0)}
Probability Map:
 X   1.0 1.0 1.0 1.0 1.0  X    X   1.0 1.0
1.0 1.0 1.0 1.0 1.0  X    X    X    X    X  
1.0  X   0.0 1.0 1.0 1.0  X    X   41.0 1.0
 X    X    X   0.0 1.0 1.0 1.0 11.0 1.0  X  
 X    X    X   1.0 1.0 1.0 1.0 1.0  X   1.0
 X    X   0.0 1.0 1.0 1.0 1.0 1.0 1.0 1.0
1.0  X   1.0 1.0 1.0 1.0 1.0 1.0  X   1.0
1.0 0.0  X   1.0 1.0 1.0 1.0 1.0 1.0 1.0
 X    X    X    X   1.0 1.0 1.0 1.0 1.0 1.0
 X    X    X   1.0 1.0 1.0 1.0 1.0 1.0 1.0

Move: 63
Current Target: None
Attacked Positions: {(5, 1), (0, 5), (8, 6), (1, 6), (0, 8), (1, 3), (1, 9), (2, 8), (6, 2), (7, 1), (8, 2), (9, 1), (2, 4), (1, 2), (0, 4), (2, 7), (1, 5), (6, 1), (1, 8), (7, 0), (3, 8), (8, 4), (9, 3), (0, 0), (8, 1), (0, 3), (0, 9), (1, 4), (2, 3), (2, 9), (7, 2), (6, 0)}
Probability Map:
 X   1.0 1.0 1.0 1.0 1.0  X    X   1.0 1.0
1.0 1.0 1.0 1.0 1.0  X    X    X    X    X  
1.0  X   0.0 1.0 1.0 1.0  X    X    X   0.0
 X    X    X   0.0 1.0 1.0 1.0 0.0 0.0  X  
 X    X    X   1.0 1.0 1.0 1.0 1.0  X   1.0
 X    X   0.0 1.0 1.0 1.0 1.0 1.0 1.0 1.0
1.0  X   1.0 1.0 1.0 1.0 1.0 1.0  X   1.0
1.0 0.0  X   1.0 1.0 1.0 1.0 1.0 1.0 1.0
 X    X    X    X   1.0 1.0 1.0 1.0 1.0 1.0
 X    X    X   1.0 1.0 1.0 1.0 1.0 1.0 1.0

Move: 65
Current Target: (3, 9)
Attacked Positions: {(5, 1), (0, 5), (8, 6), (1, 6), (0, 8), (1, 3), (1, 9), (2, 8), (6, 2), (7, 1), (3, 9), (8, 2), (9, 1), (2, 4), (1, 2), (0, 4), (2, 7), (1, 5), (6, 1), (1, 8), (7, 0), (3, 8), (8, 4), (9, 3), (0, 0), (8, 1), (0, 3), (0, 9), (1, 4), (2, 3), (2, 9), (7, 2), (6, 0)}
Probability Map:
 X   1.0 1.0 1.0 1.0 1.0  X    X   1.0 1.0
1.0 1.0 1.0 1.0 1.0  X    X    X    X    X  
1.0  X   0.0 1.0 1.0 1.0  X    X    X   0.0
 X    X    X   0.0 1.0 1.0 1.0 0.0 0.0  X  
 X    X    X   1.0 1.0 1.0 1.0 1.0  X   1.0
 X    X   0.0 1.0 1.0 1.0 1.0 1.0 1.0 1.0
1.0  X   1.0 1.0 1.0 1.0 1.0 1.0  X   1.0
1.0 0.0  X   1.0 1.0 1.0 1.0 1.0 1.0 1.0
 X    X    X    X   1.0 1.0 1.0 1.0 1.0 1.0
 X    X    X    X   11.0 1.0 1.0 1.0 1.0 1.0

Move: 67
Current Target: (3, 9)
Attacked Positions: {(4, 9), (5, 1), (0, 5), (8, 6), (1, 6), (0, 8), (1, 3), (1, 9), (2, 8), (6, 2), (7, 1), (3, 9), (8, 2), (9, 1), (2, 4), (1, 2), (0, 4), (2, 7), (1, 5), (6, 1), (1, 8), (7, 0), (3, 8), (8, 4), (9, 3), (0, 0), (8, 1), (0, 3), (0, 9), (1, 4), (2, 3), (2, 9), (7, 2), (6, 0)}
Probability Map:
 X   1.0 1.0 1.0 1.0 1.0  X    X   1.0 1.0
1.0 1.0 1.0 1.0 1.0  X    X    X    X    X  
1.0  X   0.0 1.0 1.0 1.0  X    X    X   0.0
 X    X    X   0.0 1.0 1.0 1.0 0.0 0.0  X  
 X    X    X   1.0 1.0 1.0 1.0 1.0  X   1.0
 X    X   0.0 1.0 1.0 1.0 1.0 1.0 1.0 1.0
1.0  X   1.0 1.0 1.0 1.0 1.0 1.0  X   1.0
1.0 0.0  X   1.0 1.0 1.0 1.0 1.0 1.0 1.0
 X    X    X    X   11.0 1.0 1.0 1.0 1.0 1.0
 X    X    X    X    X   21.0 1.0 1.0 1.0 1.0

Move: 69
Current Target: None
Attacked Positions: {(4, 9), (5, 1), (0, 5), (8, 6), (1, 6), (0, 8), (1, 3), (1, 9), (2, 8), (6, 2), (7, 1), (3, 9), (8, 2), (5, 9), (9, 1), (2, 4), (1, 2), (0, 4), (2, 7), (1, 5), (6, 1), (1, 8), (7, 0), (3, 8), (8, 4), (9, 3), (0, 0), (8, 1), (0, 3), (0, 9), (1, 4), (2, 3), (2, 9), (7, 2), (6, 0)}
Probability Map:
 X   1.0 1.0 1.0 1.0 1.0  X    X   1.0 1.0
1.0 1.0 1.0 1.0 1.0  X    X    X    X    X  
1.0  X   0.0 1.0 1.0 1.0  X    X    X   0.0
 X    X    X   0.0 1.0 1.0 1.0 0.0 0.0  X  
 X    X    X   1.0 1.0 1.0 1.0 1.0  X   1.0
 X    X   0.0 1.0 1.0 1.0 1.0 1.0 1.0 1.0
1.0  X   1.0 1.0 1.0 1.0 1.0 1.0  X   1.0
1.0 0.0  X   1.0 1.0 1.0 1.0 1.0 1.0 1.0
 X    X    X    X   0.0 0.0 1.0 1.0 1.0 1.0
 X    X    X    X    X    X   0.0 1.0 1.0 1.0

Move: 71
Current Target: (6, 8)
Attacked Positions: {(4, 9), (5, 1), (0, 5), (8, 6), (1, 6), (0, 8), (1, 3), (1, 9), (2, 8), (6, 2), (7, 1), (6, 8), (3, 9), (8, 2), (5, 9), (9, 1), (2, 4), (1, 2), (0, 4), (2, 7), (1, 5), (6, 1), (1, 8), (7, 0), (3, 8), (8, 4), (9, 3), (0, 0), (8, 1), (0, 3), (0, 9), (1, 4), (2, 3), (2, 9), (7, 2), (6, 0)}
Probability Map:
 X   1.0 1.0 1.0 1.0 1.0  X    X   1.0 1.0
1.0 1.0 1.0 1.0 1.0  X    X    X    X    X  
1.0  X   0.0 1.0 1.0 1.0  X    X    X   0.0
 X    X    X   0.0 1.0 1.0 1.0 0.0 0.0  X  
 X    X    X   1.0 1.0 1.0 1.0 1.0  X   1.0
 X    X   0.0 1.0 1.0 1.0 1.0 1.0 1.0 1.0
1.0  X   1.0 1.0 1.0 1.0 1.0 1.0  X   1.0
1.0 0.0  X   1.0 1.0 1.0 11.0 1.0 1.0 1.0
 X    X    X    X   0.0 0.0  X   11.0 1.0 1.0
 X    X    X    X    X    X   0.0 1.0 1.0 1.0

Move: 73
Current Target: (6, 8)
Attacked Positions: {(4, 9), (5, 1), (0, 5), (8, 6), (1, 6), (0, 8), (1, 3), (1, 9), (2, 8), (6, 2), (7, 1), (6, 8), (3, 9), (8, 2), (5, 9), (9, 1), (2, 4), (1, 2), (0, 4), (2, 7), (1, 5), (6, 1), (1, 8), (7, 0), (3, 8), (8, 4), (9, 3), (0, 0), (8, 1), (0, 3), (0, 9), (1, 4), (2, 3), (2, 9), (7, 2), (6, 0), (7, 8)}
Probability Map:
 X   1.0 1.0 1.0 1.0 1.0  X    X   1.0 1.0
1.0 1.0 1.0 1.0 1.0  X    X    X    X    X  
1.0  X   0.0 1.0 1.0 1.0  X    X    X   0.0
 X    X    X   0.0 1.0 1.0 1.0 0.0 0.0  X  
 X    X    X   1.0 1.0 1.0 1.0 1.0  X   1.0
 X    X   0.0 1.0 1.0 1.0 1.0 1.0 1.0 1.0
1.0  X   1.0 1.0 1.0 1.0 1.0 1.0  X   1.0
1.0 0.0  X   1.0 1.0 1.0 11.0 11.0 1.0 1.0
 X    X    X    X   0.0 0.0  X    X   21.0 1.0
 X    X    X    X    X    X   0.0 11.0 1.0 1.0

Move: 75
Current Target: (6, 8)
Attacked Positions: {(4, 9), (5, 1), (0, 5), (8, 6), (1, 6), (0, 8), (1, 3), (1, 9), (2, 8), (6, 2), (7, 1), (6, 8), (3, 9), (8, 2), (5, 9), (9, 1), (8, 8), (2, 4), (1, 2), (0, 4), (2, 7), (1, 5), (6, 1), (1, 8), (7, 0), (3, 8), (8, 4), (9, 3), (0, 0), (8, 1), (0, 3), (0, 9), (1, 4), (2, 3), (2, 9), (7, 2), (6, 0), (7, 8)}
Probability Map:
 X   1.0 1.0 1.0 1.0 1.0  X    X   1.0 1.0
1.0 1.0 1.0 1.0 1.0  X    X    X    X    X  
1.0  X   0.0 1.0 1.0 1.0  X    X    X   0.0
 X    X    X   0.0 1.0 1.0 1.0 0.0 0.0  X  
 X    X    X   1.0 1.0 1.0 1.0 1.0  X   1.0
 X    X   0.0 1.0 1.0 1.0 1.0 1.0 1.0 1.0
1.0  X   1.0 1.0 1.0 1.0 1.0 1.0  X   1.0
1.0 0.0  X   1.0 1.0 1.0 11.0 11.0 11.0 1.0
 X    X    X    X   0.0 0.0  X    X    X   21.0
 X    X    X    X    X    X   0.0 11.0 11.0 1.0

Move: 77
Current Target: (6, 8)
Attacked Positions: {(4, 9), (5, 1), (9, 8), (0, 5), (8, 6), (1, 6), (0, 8), (1, 3), (1, 9), (2, 8), (6, 2), (7, 1), (6, 8), (3, 9), (8, 2), (5, 9), (9, 1), (8, 8), (2, 4), (1, 2), (0, 4), (2, 7), (1, 5), (6, 1), (1, 8), (7, 0), (3, 8), (8, 4), (9, 3), (0, 0), (8, 1), (0, 3), (0, 9), (1, 4), (2, 3), (2, 9), (7, 2), (6, 0), (7, 8)}
Probability Map:
 X   1.0 1.0 1.0 1.0 1.0  X    X   1.0 1.0
1.0 1.0 1.0 1.0 1.0  X    X    X    X    X  
1.0  X   0.0 1.0 1.0 1.0  X    X    X   0.0
 X    X    X   0.0 1.0 1.0 1.0 0.0 0.0  X  
 X    X    X   1.0 1.0 1.0 1.0 1.0  X   1.0
 X    X   0.0 1.0 1.0 1.0 1.0 1.0 1.0 1.0
1.0  X   1.0 1.0 1.0 1.0 1.0 1.0  X   1.0
1.0 0.0  X   1.0 1.0 1.0 11.0 11.0 11.0 1.0
 X    X    X    X   0.0 0.0  X    X    X    X  
 X    X    X    X    X    X   0.0 11.0 11.0 1.0

Move: 79
Current Target: (6, 8)
Attacked Positions: {(4, 9), (5, 1), (9, 8), (0, 5), (8, 6), (1, 6), (0, 8), (1, 3), (1, 9), (2, 8), (6, 2), (7, 1), (6, 8), (3, 9), (8, 2), (5, 9), (9, 1), (8, 8), (2, 4), (1, 2), (0, 4), (2, 7), (1, 5), (6, 1), (1, 8), (7, 0), (3, 8), (8, 4), (9, 3), (0, 0), (8, 1), (8, 7), (0, 3), (0, 9), (1, 4), (2, 3), (2, 9), (7, 2), (6, 0), (7, 8)}
Probability Map:
 X   1.0 1.0 1.0 1.0 1.0  X    X   1.0 1.0
1.0 1.0 1.0 1.0 1.0  X    X    X    X    X  
1.0  X   0.0 1.0 1.0 1.0  X    X    X   0.0
 X    X    X   0.0 1.0 1.0 1.0 0.0 0.0  X  
 X    X    X   1.0 1.0 1.0 1.0 1.0  X   1.0
 X    X   0.0 1.0 1.0 1.0 1.0 1.0 1.0 1.0
1.0  X   1.0 1.0 1.0 1.0 1.0 1.0  X   1.0
1.0 0.0  X   1.0 1.0 1.0 11.0 11.0  X   1.0
 X    X    X    X   0.0 0.0  X    X    X    X  
 X    X    X    X    X    X   0.0 11.0 11.0 1.0

Move: 81
Current Target: None
Attacked Positions: {(4, 9), (5, 1), (9, 8), (0, 5), (8, 6), (1, 6), (0, 8), (1, 3), (1, 9), (2, 8), (6, 2), (7, 1), (7, 7), (6, 8), (3, 9), (8, 2), (5, 9), (9, 1), (8, 8), (2, 4), (1, 2), (0, 4), (2, 7), (1, 5), (6, 1), (1, 8), (7, 0), (3, 8), (8, 4), (9, 3), (0, 0), (8, 1), (8, 7), (0, 3), (0, 9), (1, 4), (2, 3), (2, 9), (7, 2), (6, 0), (7, 8)}
Probability Map:
 X   1.0 1.0 1.0 1.0 1.0  X    X   1.0 1.0
1.0 1.0 1.0 1.0 1.0  X    X    X    X    X  
1.0  X   0.0 1.0 1.0 1.0  X    X    X   0.0
 X    X    X   0.0 1.0 1.0 1.0 0.0 0.0  X  
 X    X    X   1.0 1.0 1.0 1.0 1.0  X   1.0
 X    X   0.0 1.0 1.0 1.0 1.0 1.0 1.0 1.0
1.0  X   1.0 1.0 1.0 1.0 1.0 0.0  X   1.0
1.0 0.0  X   1.0 1.0 1.0 0.0  X    X   1.0
 X    X    X    X   0.0 0.0  X    X    X    X  
 X    X    X    X    X    X   0.0 0.0 0.0 0.0

Move: 83
Current Target: None
Attacked Positions: {(4, 9), (3, 7), (5, 1), (9, 8), (0, 5), (8, 6), (1, 6), (0, 8), (1, 3), (1, 9), (2, 8), (6, 2), (7, 1), (7, 7), (6, 8), (3, 9), (8, 2), (5, 9), (9, 1), (8, 8), (2, 4), (1, 2), (0, 4), (2, 7), (1, 5), (6, 1), (1, 8), (7, 0), (3, 8), (8, 4), (9, 3), (0, 0), (8, 1), (8, 7), (0, 3), (0, 9), (1, 4), (2, 3), (2, 9), (7, 2), (6, 0), (7, 8)}
Probability Map:
 X   1.0 1.0 1.0 1.0 1.0  X    X   1.0 1.0
1.0 1.0 1.0 1.0 1.0  X    X    X    X    X  
1.0  X   0.0 1.0 1.0 1.0  X    X    X   0.0
 X    X    X   0.0 1.0 1.0 1.0 0.0 0.0  X  
 X    X    X   1.0 1.0 1.0 1.0 1.0  X   1.0
 X    X   0.0 1.0 1.0 1.0 1.0 1.0 1.0 1.0
1.0  X   1.0 1.0 1.0 1.0 1.0 0.0  X   1.0
1.0 0.0  X    X   1.0 1.0 0.0  X    X   1.0
 X    X    X    X   0.0 0.0  X    X    X    X  
 X    X    X    X    X    X   0.0 0.0 0.0 0.0

Move: 85
Current Target: (3, 1)
Attacked Positions: {(4, 9), (3, 7), (3, 1), (5, 1), (9, 8), (0, 5), (8, 6), (1, 6), (0, 8), (1, 3), (1, 9), (2, 8), (6, 2), (7, 1), (7, 7), (6, 8), (3, 9), (8, 2), (5, 9), (9, 1), (8, 8), (2, 4), (1, 2), (0, 4), (2, 7), (1, 5), (6, 1), (1, 8), (7, 0), (3, 8), (8, 4), (9, 3), (0, 0), (8, 1), (8, 7), (0, 3), (0, 9), (1, 4), (2, 3), (2, 9), (7, 2), (6, 0), (7, 8)}
Probability Map:
 X   1.0 1.0 11.0 1.0 1.0  X    X   1.0 1.0
1.0 1.0 11.0  X   11.0  X    X    X    X    X  
1.0  X   0.0 11.0 1.0 1.0  X    X    X   0.0
 X    X    X   0.0 1.0 1.0 1.0 0.0 0.0  X  
 X    X    X   1.0 1.0 1.0 1.0 1.0  X   1.0
 X    X   0.0 1.0 1.0 1.0 1.0 1.0 1.0 1.0
1.0  X   1.0 1.0 1.0 1.0 1.0 0.0  X   1.0
1.0 0.0  X    X   1.0 1.0 0.0  X    X   1.0
 X    X    X    X   0.0 0.0  X    X    X    X  
 X    X    X    X    X    X   0.0 0.0 0.0 0.0

Move: 87
Current Target: (3, 1)
Attacked Positions: {(4, 9), (3, 7), (3, 1), (5, 1), (9, 8), (0, 5), (8, 6), (1, 6), (0, 8), (1, 3), (1, 9), (2, 8), (6, 2), (7, 1), (7, 7), (6, 8), (3, 0), (3, 9), (8, 2), (5, 9), (9, 1), (8, 8), (2, 4), (1, 2), (0, 4), (2, 7), (1, 5), (6, 1), (1, 8), (7, 0), (3, 8), (8, 4), (9, 3), (0, 0), (8, 1), (8, 7), (0, 3), (0, 9), (1, 4), (2, 3), (2, 9), (7, 2), (6, 0), (7, 8)}
Probability Map:
 X   1.0 1.0  X   1.0 1.0  X    X   1.0 1.0
1.0 1.0 11.0  X   11.0  X    X    X    X    X  
1.0  X   0.0 11.0 1.0 1.0  X    X    X   0.0
 X    X    X   0.0 1.0 1.0 1.0 0.0 0.0  X  
 X    X    X   1.0 1.0 1.0 1.0 1.0  X   1.0
 X    X   0.0 1.0 1.0 1.0 1.0 1.0 1.0 1.0
1.0  X   1.0 1.0 1.0 1.0 1.0 0.0  X   1.0
1.0 0.0  X    X   1.0 1.0 0.0  X    X   1.0
 X    X    X    X   0.0 0.0  X    X    X    X  
 X    X    X    X    X    X   0.0 0.0 0.0 0.0

Move: 89
Current Target: (3, 1)
Attacked Positions: {(4, 9), (3, 7), (3, 1), (5, 1), (9, 8), (0, 5), (8, 6), (1, 6), (0, 8), (1, 3), (1, 9), (2, 8), (6, 2), (7, 1), (7, 7), (6, 8), (3, 0), (3, 9), (8, 2), (5, 9), (9, 1), (8, 8), (2, 4), (1, 2), (0, 4), (2, 7), (1, 5), (6, 1), (1, 8), (7, 0), (3, 2), (3, 8), (8, 4), (9, 3), (0, 0), (8, 1), (8, 7), (0, 3), (0, 9), (1, 4), (2, 3), (2, 9), (7, 2), (6, 0), (7, 8)}
Probability Map:
 X   1.0 1.0  X   1.0 1.0  X    X   1.0 1.0
1.0 1.0 11.0  X   11.0  X    X    X    X    X  
1.0  X   0.0  X   1.0 1.0  X    X    X   0.0
 X    X    X   0.0 1.0 1.0 1.0 0.0 0.0  X  
 X    X    X   1.0 1.0 1.0 1.0 1.0  X   1.0
 X    X   0.0 1.0 1.0 1.0 1.0 1.0 1.0 1.0
1.0  X   1.0 1.0 1.0 1.0 1.0 0.0  X   1.0
1.0 0.0  X    X   1.0 1.0 0.0  X    X   1.0
 X    X    X    X   0.0 0.0  X    X    X    X  
 X    X    X    X    X    X   0.0 0.0 0.0 0.0

Move: 91
Current Target: (3, 1)
Attacked Positions: {(4, 9), (3, 7), (3, 1), (5, 1), (9, 8), (0, 5), (8, 6), (1, 6), (0, 8), (1, 3), (1, 9), (2, 8), (6, 2), (7, 1), (7, 7), (6, 8), (3, 0), (3, 9), (8, 2), (5, 9), (9, 1), (8, 8), (2, 4), (1, 2), (0, 4), (2, 1), (2, 7), (1, 5), (6, 1), (1, 8), (7, 0), (3, 2), (3, 8), (8, 4), (9, 3), (0, 0), (8, 1), (8, 7), (0, 3), (0, 9), (1, 4), (2, 3), (2, 9), (7, 2), (6, 0), (7, 8)}
Probability Map:
 X   1.0 1.0  X   1.0 1.0  X    X   1.0 1.0
1.0 1.0  X    X   11.0  X    X    X    X    X  
1.0  X   0.0  X   1.0 1.0  X    X    X   0.0
 X    X    X   0.0 1.0 1.0 1.0 0.0 0.0  X  
 X    X    X   1.0 1.0 1.0 1.0 1.0  X   1.0
 X    X   0.0 1.0 1.0 1.0 1.0 1.0 1.0 1.0
1.0  X   1.0 1.0 1.0 1.0 1.0 0.0  X   1.0
1.0 0.0  X    X   1.0 1.0 0.0  X    X   1.0
 X    X    X    X   0.0 0.0  X    X    X    X  
 X    X    X    X    X    X   0.0 0.0 0.0 0.0

Move: 93
Current Target: (3, 1)
Attacked Positions: {(4, 9), (3, 7), (3, 1), (5, 1), (9, 8), (0, 5), (8, 6), (1, 6), (0, 8), (1, 3), (1, 9), (2, 8), (6, 2), (7, 1), (7, 7), (6, 8), (3, 0), (3, 9), (8, 2), (5, 9), (9, 1), (8, 8), (2, 4), (1, 2), (0, 4), (2, 1), (2, 7), (1, 5), (6, 1), (1, 8), (7, 0), (3, 2), (4, 1), (3, 8), (8, 4), (9, 3), (0, 0), (8, 1), (8, 7), (0, 3), (0, 9), (1, 4), (2, 3), (2, 9), (7, 2), (6, 0), (7, 8)}
Probability Map:
 X   1.0 1.0  X   11.0 1.0  X    X   1.0 1.0
1.0 1.0  X    X    X    X    X    X    X    X  
1.0  X   0.0  X   11.0 1.0  X    X    X   0.0
 X    X    X   0.0 1.0 1.0 1.0 0.0 0.0  X  
 X    X    X   1.0 1.0 1.0 1.0 1.0  X   1.0
 X    X   0.0 1.0 1.0 1.0 1.0 1.0 1.0 1.0
1.0  X   1.0 1.0 1.0 1.0 1.0 0.0  X   1.0
1.0 0.0  X    X   1.0 1.0 0.0  X    X   1.0
 X    X    X    X   0.0 0.0  X    X    X    X  
 X    X    X    X    X    X   0.0 0.0 0.0 0.0

Move: 95
Current Target: (3, 1)
Attacked Positions: {(4, 9), (3, 7), (3, 1), (5, 1), (9, 8), (0, 5), (8, 6), (1, 6), (0, 8), (1, 3), (1, 9), (2, 8), (6, 2), (7, 1), (7, 7), (6, 8), (4, 2), (3, 0), (3, 9), (8, 2), (5, 9), (9, 1), (8, 8), (2, 4), (1, 2), (0, 4), (2, 1), (2, 7), (1, 5), (6, 1), (1, 8), (7, 0), (3, 2), (4, 1), (3, 8), (8, 4), (9, 3), (0, 0), (8, 1), (8, 7), (0, 3), (0, 9), (1, 4), (2, 3), (2, 9), (7, 2), (6, 0), (7, 8)}
Probability Map:
 X   1.0 1.0  X   11.0 1.0  X    X   1.0 1.0
1.0 1.0  X    X    X    X    X    X    X    X  
1.0  X   0.0  X    X   1.0  X    X    X   0.0
 X    X    X   0.0 1.0 1.0 1.0 0.0 0.0  X  
 X    X    X   1.0 1.0 1.0 1.0 1.0  X   1.0
 X    X   0.0 1.0 1.0 1.0 1.0 1.0 1.0 1.0
1.0  X   1.0 1.0 1.0 1.0 1.0 0.0  X   1.0
1.0 0.0  X    X   1.0 1.0 0.0  X    X   1.0
 X    X    X    X   0.0 0.0  X    X    X    X  
 X    X    X    X    X    X   0.0 0.0 0.0 0.0

Move: 97
Current Target: (3, 1)
Attacked Positions: {(4, 0), (4, 9), (3, 7), (3, 1), (5, 1), (9, 8), (0, 5), (8, 6), (1, 6), (0, 8), (1, 3), (1, 9), (2, 8), (6, 2), (7, 1), (7, 7), (6, 8), (4, 2), (3, 0), (3, 9), (8, 2), (5, 9), (9, 1), (8, 8), (2, 4), (1, 2), (0, 4), (2, 1), (2, 7), (1, 5), (6, 1), (1, 8), (7, 0), (3, 2), (4, 1), (3, 8), (8, 4), (9, 3), (0, 0), (8, 1), (8, 7), (0, 3), (0, 9), (1, 4), (2, 3), (2, 9), (7, 2), (6, 0), (7, 8)}
Probability Map:
 X   1.0 1.0  X    X   41.0  X    X   1.0 1.0
1.0 1.0  X    X    X    X    X    X    X    X  
1.0  X   0.0  X    X   1.0  X    X    X   0.0
 X    X    X   0.0 1.0 1.0 1.0 0.0 0.0  X  
 X    X    X   1.0 1.0 1.0 1.0 1.0  X   1.0
 X    X   0.0 1.0 1.0 1.0 1.0 1.0 1.0 1.0
1.0  X   1.0 1.0 1.0 1.0 1.0 0.0  X   1.0
1.0 0.0  X    X   1.0 1.0 0.0  X    X   1.0
 X    X    X    X   0.0 0.0  X    X    X    X  
 X    X    X    X    X    X   0.0 0.0 0.0 0.0

Move: 99
Current Target: None
Attacked Positions: {(4, 0), (4, 9), (3, 7), (3, 1), (5, 1), (9, 8), (0, 5), (8, 6), (1, 6), (0, 8), (1, 3), (1, 9), (2, 8), (6, 2), (7, 1), (7, 7), (6, 8), (4, 2), (3, 0), (3, 9), (5, 0), (8, 2), (5, 9), (9, 1), (8, 8), (2, 4), (1, 2), (0, 4), (2, 1), (2, 7), (1, 5), (6, 1), (1, 8), (7, 0), (3, 2), (4, 1), (3, 8), (8, 4), (9, 3), (0, 0), (8, 1), (8, 7), (0, 3), (0, 9), (1, 4), (2, 3), (2, 9), (7, 2), (6, 0), (7, 8)}
Probability Map:
 X   1.0 1.0  X    X    X    X    X   1.0 1.0
1.0 1.0  X    X    X    X    X    X    X    X  
1.0  X   0.0  X    X   1.0  X    X    X   0.0
 X    X    X   0.0 1.0 1.0 1.0 0.0 0.0  X  
 X    X    X   1.0 1.0 1.0 1.0 1.0  X   1.0
 X    X   0.0 1.0 1.0 1.0 1.0 1.0 1.0 1.0
1.0  X   1.0 1.0 1.0 1.0 1.0 0.0  X   1.0
1.0 0.0  X    X   1.0 1.0 0.0  X    X   1.0
 X    X    X    X   0.0 0.0  X    X    X    X  
 X    X    X    X    X    X   0.0 0.0 0.0 0.0

Move: 101
Current Target: (4, 6)
Attacked Positions: {(4, 0), (4, 9), (3, 7), (3, 1), (4, 6), (5, 1), (9, 8), (0, 5), (8, 6), (1, 6), (0, 8), (1, 3), (1, 9), (2, 8), (6, 2), (7, 1), (7, 7), (6, 8), (4, 2), (3, 0), (3, 9), (5, 0), (8, 2), (5, 9), (9, 1), (8, 8), (2, 4), (1, 2), (0, 4), (2, 1), (2, 7), (1, 5), (6, 1), (1, 8), (7, 0), (3, 2), (4, 1), (3, 8), (8, 4), (9, 3), (0, 0), (8, 1), (8, 7), (0, 3), (0, 9), (1, 4), (2, 3), (2, 9), (7, 2), (6, 0), (7, 8)}
Probability Map:
 X   1.0 1.0  X    X    X    X    X   1.0 1.0
1.0 1.0  X    X    X    X    X    X    X    X  
1.0  X   0.0  X    X   1.0  X    X    X   0.0
 X    X    X   0.0 1.0 1.0 1.0 0.0 0.0  X  
 X    X    X   1.0 1.0 1.0 1.0 1.0  X   1.0
 X    X   0.0 1.0 11.0 1.0 1.0 1.0 1.0 1.0
1.0  X   1.0 11.0  X   11.0 1.0 0.0  X   1.0
1.0 0.0  X    X   11.0 1.0 0.0  X    X   1.0
 X    X    X    X   0.0 0.0  X    X    X    X  
 X    X    X    X    X    X   0.0 0.0 0.0 0.0

Move: 103
Current Target: (4, 6)
Attacked Positions: {(4, 0), (4, 9), (3, 7), (3, 1), (4, 6), (5, 1), (9, 8), (0, 5), (8, 6), (1, 6), (0, 8), (1, 3), (1, 9), (2, 8), (6, 2), (7, 1), (7, 7), (6, 8), (4, 2), (3, 0), (4, 5), (3, 9), (5, 0), (8, 2), (5, 9), (9, 1), (8, 8), (2, 4), (1, 2), (0, 4), (2, 1), (2, 7), (1, 5), (6, 1), (1, 8), (7, 0), (3, 2), (4, 1), (3, 8), (8, 4), (9, 3), (0, 0), (8, 1), (8, 7), (0, 3), (0, 9), (1, 4), (2, 3), (2, 9), (7, 2), (6, 0), (7, 8)}
Probability Map:
 X   1.0 1.0  X    X    X    X    X   1.0 1.0
1.0 1.0  X    X    X    X    X    X    X    X  
1.0  X   0.0  X    X   1.0  X    X    X   0.0
 X    X    X   0.0 1.0 1.0 1.0 0.0 0.0  X  
 X    X    X   1.0 21.0 1.0 1.0 1.0  X   1.0
 X    X   0.0 11.0  X   11.0 1.0 1.0 1.0 1.0
1.0  X   1.0 11.0  X   11.0 1.0 0.0  X   1.0
1.0 0.0  X    X   21.0 1.0 0.0  X    X   1.0
 X    X    X    X   0.0 0.0  X    X    X    X  
 X    X    X    X    X    X   0.0 0.0 0.0 0.0

Move: 105
Current Target: (4, 6)
Attacked Positions: {(4, 0), (4, 9), (3, 7), (3, 1), (4, 6), (5, 1), (9, 8), (0, 5), (8, 6), (1, 6), (0, 8), (1, 3), (1, 9), (2, 8), (6, 2), (7, 1), (7, 7), (6, 8), (4, 2), (3, 0), (4, 5), (3, 9), (5, 0), (8, 2), (5, 9), (9, 1), (8, 8), (2, 4), (1, 2), (0, 4), (2, 1), (2, 7), (1, 5), (6, 1), (1, 8), (7, 0), (3, 2), (4, 1), (4, 7), (3, 8), (8, 4), (9, 3), (0, 0), (8, 1), (8, 7), (0, 3), (0, 9), (1, 4), (2, 3), (2, 9), (7, 2), (6, 0), (7, 8)}
Probability Map:
 X   1.0 1.0  X    X    X    X    X   1.0 1.0
1.0 1.0  X    X    X    X    X    X    X    X  
1.0  X   0.0  X    X   1.0  X    X    X   0.0
 X    X    X   0.0 1.0 1.0 1.0 0.0 0.0  X  
 X    X    X   1.0 21.0 1.0 1.0 1.0  X   1.0
 X    X   0.0 11.0  X   11.0 1.0 1.0 1.0 1.0
1.0  X   1.0 11.0  X   11.0 1.0 0.0  X   1.0
1.0 0.0  X    X    X   11.0 0.0  X    X   1.0
 X    X    X    X   0.0 0.0  X    X    X    X  
 X    X    X    X    X    X   0.0 0.0 0.0 0.0

Move: 107
Current Target: (4, 6)
Attacked Positions: {(4, 0), (4, 9), (3, 7), (3, 1), (4, 6), (5, 1), (9, 8), (0, 5), (8, 6), (1, 6), (0, 8), (1, 3), (1, 9), (2, 8), (6, 2), (7, 1), (7, 7), (6, 8), (4, 2), (3, 0), (4, 5), (3, 9), (5, 0), (8, 2), (5, 9), (9, 1), (8, 8), (2, 4), (1, 2), (0, 4), (2, 1), (2, 7), (1, 5), (6, 1), (1, 8), (7, 0), (3, 2), (4, 1), (4, 7), (4, 4), (3, 8), (8, 4), (9, 3), (0, 0), (8, 1), (8, 7), (0, 3), (0, 9), (1, 4), (2, 3), (2, 9), (7, 2), (6, 0), (7, 8)}
Probability Map:
 X   1.0 1.0  X    X    X    X    X   1.0 1.0
1.0 1.0  X    X    X    X    X    X    X    X  
1.0  X   0.0  X    X   1.0  X    X    X   0.0
 X    X    X   0.0 1.0 1.0 1.0 0.0 0.0  X  
 X    X    X   1.0  X   1.0 1.0 1.0  X   1.0
 X    X   0.0 11.0  X   11.0 1.0 1.0 1.0 1.0
1.0  X   1.0 11.0  X   11.0 1.0 0.0  X   1.0
1.0 0.0  X    X    X   11.0 0.0  X    X   1.0
 X    X    X    X   0.0 0.0  X    X    X    X  
 X    X    X    X    X    X   0.0 0.0 0.0 0.0

Move: 109
Current Target: None
Attacked Positions: {(4, 0), (4, 9), (3, 7), (3, 1), (4, 6), (5, 1), (9, 8), (0, 5), (8, 6), (1, 6), (0, 8), (1, 3), (1, 9), (2, 8), (6, 2), (7, 1), (7, 7), (6, 8), (4, 2), (3, 0), (4, 5), (3, 9), (5, 0), (8, 2), (5, 9), (9, 1), (8, 8), (2, 4), (1, 2), (0, 4), (2, 1), (2, 7), (1, 5), (6, 1), (1, 8), (7, 0), (3, 2), (4, 1), (4, 7), (4, 4), (3, 8), (5, 5), (8, 4), (9, 3), (0, 0), (8, 1), (8, 7), (0, 3), (0, 9), (1, 4), (2, 3), (2, 9), (7, 2), (6, 0), (7, 8)}
Probability Map:
 X   1.0 1.0  X    X    X    X    X   1.0 1.0
1.0 1.0  X    X    X    X    X    X    X    X  
1.0  X   0.0  X    X   1.0  X    X    X   0.0
 X    X    X   0.0 1.0 1.0 1.0 0.0 0.0  X  
 X    X    X   0.0  X   0.0 1.0 1.0  X   1.0
 X    X   0.0 0.0  X    X   0.0 1.0 1.0 1.0
1.0  X   0.0 0.0  X   0.0 0.0 0.0  X   1.0
1.0 0.0  X    X    X   0.0 0.0  X    X   1.0
 X    X    X    X   0.0 0.0  X    X    X    X  
 X    X    X    X    X    X   0.0 0.0 0.0 0.0

Move: 111
Current Target: None
Attacked Positions: {(4, 0), (4, 9), (3, 7), (3, 1), (4, 6), (5, 1), (9, 8), (0, 5), (8, 6), (1, 6), (0, 8), (1, 3), (1, 9), (2, 8), (6, 2), (7, 1), (7, 7), (6, 8), (4, 2), (3, 0), (4, 5), (3, 9), (5, 0), (8, 2), (5, 9), (9, 1), (8, 8), (2, 4), (1, 2), (0, 4), (2, 1), (2, 7), (1, 5), (6, 1), (1, 8), (7, 0), (3, 2), (4, 1), (4, 7), (4, 4), (3, 8), (5, 5), (8, 4), (9, 3), (0, 0), (8, 1), (8, 7), (0, 3), (0, 9), (2, 0), (1, 4), (2, 3), (2, 9), (7, 2), (6, 0), (7, 8)}
Probability Map:
 X   1.0  X    X    X    X    X    X   1.0 1.0
1.0 1.0  X    X    X    X    X    X    X    X  
1.0  X   0.0  X    X   1.0  X    X    X   0.0
 X    X    X   0.0 1.0 1.0 1.0 0.0 0.0  X  
 X    X    X   0.0  X   0.0 1.0 1.0  X   1.0
 X    X   0.0 0.0  X    X   0.0 1.0 1.0 1.0
1.0  X   0.0 0.0  X   0.0 0.0 0.0  X   1.0
1.0 0.0  X    X    X   0.0 0.0  X    X   1.0
 X    X    X    X   0.0 0.0  X    X    X    X  
 X    X    X    X    X    X   0.0 0.0 0.0 0.0

Move: 113
Current Target: None
Attacked Positions: {(4, 0), (4, 9), (3, 7), (3, 1), (4, 6), (5, 1), (8, 0), (9, 8), (0, 5), (8, 6), (1, 6), (0, 8), (1, 3), (1, 9), (2, 8), (6, 2), (7, 1), (7, 7), (6, 8), (4, 2), (3, 0), (4, 5), (3, 9), (5, 0), (8, 2), (5, 9), (9, 1), (8, 8), (2, 4), (1, 2), (0, 4), (2, 1), (2, 7), (1, 5), (6, 1), (1, 8), (7, 0), (3, 2), (4, 1), (4, 7), (4, 4), (3, 8), (5, 5), (8, 4), (9, 3), (0, 0), (8, 1), (8, 7), (0, 3), (0, 9), (2, 0), (1, 4), (2, 3), (2, 9), (7, 2), (6, 0), (7, 8)}
Probability Map:
 X   1.0  X    X    X    X    X    X    X   0.0
1.0 1.0  X    X    X    X    X    X    X    X  
1.0  X   0.0  X    X   1.0  X    X    X   0.0
 X    X    X   0.0 1.0 1.0 1.0 0.0 0.0  X  
 X    X    X   0.0  X   0.0 1.0 1.0  X   1.0
 X    X   0.0 0.0  X    X   0.0 1.0 1.0 1.0
1.0  X   0.0 0.0  X   0.0 0.0 0.0  X   1.0
1.0 0.0  X    X    X   0.0 0.0  X    X   1.0
 X    X    X    X   0.0 0.0  X    X    X    X  
 X    X    X    X    X    X   0.0 0.0 0.0 0.0

Move: 115
Current Target: None
Attacked Positions: {(4, 0), (4, 9), (3, 7), (3, 1), (4, 6), (5, 1), (8, 0), (9, 8), (0, 5), (8, 6), (1, 6), (0, 8), (1, 3), (1, 9), (2, 8), (6, 2), (7, 1), (7, 7), (6, 8), (4, 2), (3, 0), (4, 5), (3, 9), (5, 0), (8, 2), (5, 9), (9, 1), (8, 8), (2, 4), (1, 2), (0, 4), (2, 1), (2, 7), (1, 5), (6, 1), (1, 8), (7, 0), (3, 2), (4, 1), (4, 7), (4, 4), (3, 8), (5, 5), (8, 4), (9, 3), (0, 0), (8, 1), (8, 7), (1, 1), (0, 3), (0, 9), (2, 0), (1, 4), (2, 3), (2, 9), (7, 2), (6, 0), (7, 8)}
Probability Map:
 X   0.0  X    X    X    X    X    X    X   0.0
1.0  X    X    X    X    X    X    X    X    X  
1.0  X   0.0  X    X   1.0  X    X    X   0.0
 X    X    X   0.0 1.0 1.0 1.0 0.0 0.0  X  
 X    X    X   0.0  X   0.0 1.0 1.0  X   1.0
 X    X   0.0 0.0  X    X   0.0 1.0 1.0 1.0
1.0  X   0.0 0.0  X   0.0 0.0 0.0  X   1.0
1.0 0.0  X    X    X   0.0 0.0  X    X   1.0
 X    X    X    X   0.0 0.0  X    X    X    X  
 X    X    X    X    X    X   0.0 0.0 0.0 0.0

Move: 117
Current Target: (6, 4)
Attacked Positions: {(4, 0), (4, 9), (3, 7), (3, 1), (4, 6), (5, 1), (8, 0), (9, 8), (0, 5), (8, 6), (1, 6), (0, 8), (1, 3), (1, 9), (2, 8), (6, 2), (7, 1), (7, 7), (6, 8), (4, 2), (3, 0), (4, 5), (3, 9), (5, 0), (8, 2), (5, 9), (9, 1), (8, 8), (2, 4), (1, 2), (0, 4), (2, 1), (2, 7), (1, 5), (6, 1), (1, 8), (7, 0), (6, 4), (3, 2), (4, 1), (4, 7), (4, 4), (3, 8), (5, 5), (8, 4), (9, 3), (0, 0), (8, 1), (8, 7), (1, 1), (0, 3), (0, 9), (2, 0), (1, 4), (2, 3), (2, 9), (7, 2), (6, 0), (7, 8)}
Probability Map:
 X   0.0  X    X    X    X    X    X    X   0.0
1.0  X    X    X    X    X    X    X    X    X  
1.0  X   0.0  X    X   1.0  X    X    X   0.0
 X    X    X   0.0 1.0 1.0 11.0 0.0 0.0  X  
 X    X    X   0.0  X   0.0  X   11.0  X   1.0
 X    X   0.0 0.0  X    X   0.0 1.0 1.0 1.0
1.0  X   0.0 0.0  X   0.0 0.0 0.0  X   1.0
1.0 0.0  X    X    X   0.0 0.0  X    X   1.0
 X    X    X    X   0.0 0.0  X    X    X    X  
 X    X    X    X    X    X   0.0 0.0 0.0 0.0

Move: 119
Current Target: (6, 4)
Attacked Positions: {(4, 0), (4, 9), (3, 7), (3, 1), (4, 6), (5, 1), (8, 0), (9, 8), (0, 5), (8, 6), (1, 6), (0, 8), (1, 3), (1, 9), (2, 8), (6, 2), (7, 1), (7, 7), (6, 8), (4, 2), (3, 0), (4, 5), (3, 9), (5, 0), (8, 2), (5, 9), (9, 1), (8, 8), (2, 4), (1, 2), (0, 4), (2, 1), (2, 7), (1, 5), (6, 1), (1, 8), (7, 0), (6, 4), (3, 2), (4, 1), (4, 7), (4, 4), (3, 8), (5, 5), (8, 4), (9, 3), (0, 0), (8, 1), (8, 7), (1, 1), (0, 3), (0, 9), (2, 0), (1, 4), (2, 3), (2, 9), (7, 2), (6, 0), (6, 3), (7, 8)}
Probability Map:
 X   0.0  X    X    X    X    X    X    X   0.0
1.0  X    X    X    X    X    X    X    X    X  
1.0  X   0.0  X    X   1.0  X    X    X   0.0
 X    X    X   0.0 1.0 1.0  X   0.0 0.0  X  
 X    X    X   0.0  X   0.0  X   11.0  X   1.0
 X    X   0.0 0.0  X    X   0.0 1.0 1.0 1.0
1.0  X   0.0 0.0  X   0.0 0.0 0.0  X   1.0
1.0 0.0  X    X    X   0.0 0.0  X    X   1.0
 X    X    X    X   0.0 0.0  X    X    X    X  
 X    X    X    X    X    X   0.0 0.0 0.0 0.0

Move: 121
Current Target: (6, 4)
Attacked Positions: {(4, 0), (4, 9), (3, 7), (3, 1), (4, 6), (5, 1), (8, 0), (9, 8), (0, 5), (8, 6), (1, 6), (0, 8), (1, 3), (1, 9), (2, 8), (7, 4), (6, 2), (7, 1), (7, 7), (6, 8), (4, 2), (3, 0), (4, 5), (3, 9), (5, 0), (8, 2), (5, 9), (9, 1), (8, 8), (2, 4), (1, 2), (0, 4), (2, 1), (2, 7), (1, 5), (6, 1), (1, 8), (7, 0), (6, 4), (3, 2), (4, 1), (4, 7), (4, 4), (3, 8), (5, 5), (8, 4), (9, 3), (0, 0), (8, 1), (8, 7), (1, 1), (0, 3), (0, 9), (2, 0), (1, 4), (2, 3), (2, 9), (7, 2), (6, 0), (6, 3), (7, 8)}
Probability Map:
 X   0.0  X    X    X    X    X    X    X   0.0
1.0  X    X    X    X    X    X    X    X    X  
1.0  X   0.0  X    X   1.0  X    X    X   0.0
 X    X    X   0.0 1.0 1.0  X   0.0 0.0  X  
 X    X    X   0.0  X   0.0  X    X    X   1.0
 X    X   0.0 0.0  X    X   0.0 11.0 1.0 1.0
1.0  X   0.0 0.0  X   0.0 0.0 0.0  X   1.0
1.0 0.0  X    X    X   0.0 0.0  X    X   1.0
 X    X    X    X   0.0 0.0  X    X    X    X  
 X    X    X    X    X    X   0.0 0.0 0.0 0.0

Move: 123
Current Target: (6, 4)
Attacked Positions: {(4, 0), (4, 9), (3, 7), (3, 1), (4, 6), (5, 1), (8, 0), (9, 8), (0, 5), (8, 6), (1, 6), (0, 8), (1, 3), (1, 9), (2, 8), (7, 4), (6, 2), (7, 1), (7, 7), (6, 8), (4, 2), (3, 0), (4, 5), (3, 9), (5, 0), (8, 2), (5, 9), (9, 1), (8, 8), (2, 4), (1, 2), (0, 4), (2, 1), (2, 7), (1, 5), (6, 1), (1, 8), (7, 0), (6, 4), (3, 2), (4, 1), (4, 7), (4, 4), (3, 8), (5, 5), (8, 4), (9, 3), (0, 0), (8, 1), (8, 7), (1, 1), (0, 3), (0, 9), (2, 0), (1, 4), (2, 3), (2, 9), (7, 2), (6, 0), (7, 5), (6, 3), (7, 8)}
Probability Map:
 X   0.0  X    X    X    X    X    X    X   0.0
1.0  X    X    X    X    X    X    X    X    X  
1.0  X   0.0  X    X   1.0  X    X    X   0.0
 X    X    X   0.0 1.0 1.0  X   0.0 0.0  X  
 X    X    X   0.0  X   0.0  X    X    X   1.0
 X    X   0.0 0.0  X    X   0.0  X   41.0 1.0
1.0  X   0.0 0.0  X   0.0 0.0 0.0  X   1.0
1.0 0.0  X    X    X   0.0 0.0  X    X   1.0
 X    X    X    X   0.0 0.0  X    X    X    X  
 X    X    X    X    X    X   0.0 0.0 0.0 0.0

Move: 125
Current Target: None
Attacked Positions: {(4, 0), (4, 9), (3, 7), (3, 1), (4, 6), (5, 1), (8, 0), (9, 8), (0, 5), (8, 6), (1, 6), (0, 8), (1, 3), (1, 9), (2, 8), (7, 4), (6, 2), (7, 1), (7, 7), (6, 8), (4, 2), (3, 0), (4, 5), (3, 9), (5, 0), (8, 2), (5, 9), (9, 1), (8, 5), (8, 8), (2, 4), (1, 2), (0, 4), (2, 1), (2, 7), (1, 5), (6, 1), (1, 8), (7, 0), (6, 4), (3, 2), (4, 1), (4, 7), (4, 4), (3, 8), (5, 5), (8, 4), (9, 3), (0, 0), (8, 1), (8, 7), (1, 1), (0, 3), (0, 9), (2, 0), (1, 4), (2, 3), (2, 9), (7, 2), (6, 0), (7, 5), (6, 3), (7, 8)}
Probability Map:
 X   0.0  X    X    X    X    X    X    X   0.0
1.0  X    X    X    X    X    X    X    X    X  
1.0  X   0.0  X    X   1.0  X    X    X   0.0
 X    X    X   0.0 1.0 1.0  X   0.0 0.0  X  
 X    X    X   0.0  X   0.0  X    X    X   0.0
 X    X   0.0 0.0  X    X   0.0  X    X   0.0
1.0  X   0.0 0.0  X   0.0 0.0 0.0  X   1.0
1.0 0.0  X    X    X   0.0 0.0  X    X   1.0
 X    X    X    X   0.0 0.0  X    X    X    X  
 X    X    X    X    X    X   0.0 0.0 0.0 0.0

